<?xml version="1.0" encoding="UTF-8"?>
<testsuite name="Proceso de compra de un vuelo" tests="3" skipped="0" failures="0" errors="0" timestamp="2025-11-19T12:41:54.940Z" hostname="DESKTOP-EC14KE3" time="20.856">
  <properties/>
  <testcase name="Buscar vuelos disponibles entre dos ciudades" classname="Proceso de compra de un vuelo" time="7.885"/>
  <testcase name="Seleccionar una opción de vuelo" classname="Proceso de compra de un vuelo" time="2.791"/>
  <testcase name="Ingresar la información necesaria para completar la compra" classname="Proceso de compra de un vuelo" time="10.179"/>
  <system-out><![CDATA[
Scenario: Buscar vuelos disponibles entre dos ciudades               ?[90m# src/test/resources/features/flight_search.feature:10?[0m
  ?[32mGiven ?[0m?[32mque accedo al sistema de reservas?[0m                            ?[90m# com.blazedemo.flighSearch.stepdefinitions.StepDefinition.accedeAlSistema()?[0m
  ?[32mWhen ?[0m?[32mindico la ciudad de origen ?[0m?[32m?[1m"Boston"?[0m?[32m y destino ?[0m?[32m?[1m"London"?[0m        ?[90m# com.blazedemo.flighSearch.stepdefinitions.StepDefinition.indicaCiudades(java.lang.String,java.lang.String)?[0m
  ?[32mAnd ?[0m?[32msolicito la búsqueda del vuelo?[0m                                 ?[90m# com.blazedemo.flighSearch.stepdefinitions.StepDefinition.solicitoBusqueda()?[0m
  ?[32mThen ?[0m?[32mel sistema me presenta las alternativas de vuelos disponibles?[0m ?[90m# com.blazedemo.flighSearch.stepdefinitions.StepDefinition.presentaVuelos()?[0m
  ?[32mAnd ?[0m?[32mse visualiza los detalles de los vuelos?[0m                        ?[90m# com.blazedemo.flighSearch.stepdefinitions.StepDefinition.visualizaDetalles()?[0m

Scenario: Seleccionar una opción de vuelo                  ?[90m# src/test/resources/features/flight_search.feature:17?[0m
  ?[32mGiven ?[0m?[32mque observo las alternativas de vuelos disponibles?[0m ?[90m# com.blazedemo.flighSearch.stepdefinitions.StepDefinition.observaVuelos()?[0m
  ?[32mWhen ?[0m?[32melijo una opción de vuelo?[0m                           ?[90m# com.blazedemo.flighSearch.stepdefinitions.StepDefinition.eligeVuelo()?[0m
  ?[32mThen ?[0m?[32mel sistema reserva el vuelo?[0m                         ?[90m# com.blazedemo.flighSearch.stepdefinitions.StepDefinition.sistemaReservaVuelo()?[0m
  ?[32mAnd ?[0m?[32mvisualizo el formulario de compra?[0m                    ?[90m# com.blazedemo.flighSearch.stepdefinitions.StepDefinition.visualizaFormulario()?[0m

Scenario: Ingresar la información necesaria para completar la compra ?[90m# src/test/resources/features/flight_search.feature:23?[0m
  ?[32mGiven ?[0m?[32mque visualizo el formulario de compra?[0m                        ?[90m# com.blazedemo.flighSearch.stepdefinitions.StepDefinition.visualizaFormularioCompra()?[0m
  ?[32mWhen ?[0m?[32msuministro la información requerida para la compra?[0m            ?[90m# com.blazedemo.flighSearch.stepdefinitions.StepDefinition.suministraInfo()?[0m
  ?[32mAnd ?[0m?[32mcompro el vuelo?[0m                                                ?[90m# com.blazedemo.flighSearch.stepdefinitions.StepDefinition.comproVuelo()?[0m
  ?[32mThen ?[0m?[32mel sistema muestra un resumen de los detalles del vuelo?[0m       ?[90m# com.blazedemo.flighSearch.stepdefinitions.StepDefinition.muestraResumen()?[0m
]]></system-out>
  <system-err><![CDATA[[Test worker] INFO  - 
  _____   ___   ___   _____     ___   _____     _     ___   _____   ___   ___  
 |_   _| | __| / __| |_   _|   / __| |_   _|   /_\   | _ \ |_   _| | __| |   \ 
   | |   | _|  \__ \   | |     \__ \   | |    / _ \  |   /   | |   | _|  | |) |
   |_|   |___| |___/   |_|     |___/   |_|   /_/ \_\ |_|_\   |_|   |___| |___/ 

Buscar vuelos disponibles entre dos ciudades(proceso-de-compra-de-un-vuelo;buscar-vuelos-disponibles-entre-dos-ciudades)
--------------------------------------------------------------------------------
[Test worker] INFO net.serenitybdd.core.webdriver.driverproviders.ChromeDriverProvider - Starting Chrome driver instance with capabilities:
[Test worker] INFO net.serenitybdd.core.webdriver.driverproviders.ChromeDriverProvider - Capabilities {acceptInsecureCerts: true, browserName: chrome, goog:chromeOptions: {args: [--start-maximized, --test-type, --no-sandbox, --ignore-certificate-errors, \n                   --disa..., --disable-default-apps, --disable-extensions-file-a..., \n                   --inco..., --disable-infobars, --disable-gpu, --remote-allow-origins=*], extensions: []}}
nov 19, 2025 7:41:58 A. M. org.openqa.selenium.devtools.CdpVersionFinder findNearestMatch
WARNING: Unable to find CDP implementation matching 142
nov 19, 2025 7:41:58 A. M. org.openqa.selenium.chromium.ChromiumDriver lambda$new$5
WARNING: Unable to find version of CDP to use for 142.0.7444.163. You may need to include a dependency on a specific version of the CDP using something similar to `org.seleniumhq.selenium:selenium-devtools-v86:4.16.1` where the version ("v86") matches the version of the chromium-based browser you're using and the version number of the artifact is the same as Selenium's.
[Test worker] INFO  - ?[92m
  _____   ___   ___   _____     ___     _     ___   ___   ___   ___  
 |_   _| | __| / __| |_   _|   | _ \   /_\   / __| / __| | __| |   \ 
   | |   | _|  \__ \   | |     |  _/  / _ \  \__ \ \__ \ | _|  | |) |
   |_|   |___| |___/   |_|     |_|   /_/ \_\ |___/ |___/ |___| |___/ 

Buscar vuelos disponibles entre dos ciudades
----------------------------------------------------------------------?[0m
[Test worker] INFO  - 
  _____   ___   ___   _____     ___   _____     _     ___   _____   ___   ___  
 |_   _| | __| / __| |_   _|   / __| |_   _|   /_\   | _ \ |_   _| | __| |   \ 
   | |   | _|  \__ \   | |     \__ \   | |    / _ \  |   /   | |   | _|  | |) |
   |_|   |___| |___/   |_|     |___/   |_|   /_/ \_\ |_|_\   |_|   |___| |___/ 

Seleccionar una opción de vuelo(proceso-de-compra-de-un-vuelo;seleccionar-una-opción-de-vuelo)
--------------------------------------------------------------------------------
[Test worker] INFO  - ?[92m
  _____   ___   ___   _____     ___     _     ___   ___   ___   ___  
 |_   _| | __| / __| |_   _|   | _ \   /_\   / __| / __| | __| |   \ 
   | |   | _|  \__ \   | |     |  _/  / _ \  \__ \ \__ \ | _|  | |) |
   |_|   |___| |___/   |_|     |_|   /_/ \_\ |___/ |___/ |___| |___/ 

Seleccionar una opción de vuelo
----------------------------------------------------------------------?[0m
[Test worker] INFO  - 
  _____   ___   ___   _____     ___   _____     _     ___   _____   ___   ___  
 |_   _| | __| / __| |_   _|   / __| |_   _|   /_\   | _ \ |_   _| | __| |   \ 
   | |   | _|  \__ \   | |     \__ \   | |    / _ \  |   /   | |   | _|  | |) |
   |_|   |___| |___/   |_|     |___/   |_|   /_/ \_\ |_|_\   |_|   |___| |___/ 

Ingresar la información necesaria para completar la compra(proceso-de-compra-de-un-vuelo;ingresar-la-información-necesaria-para-completar-la-compra)
--------------------------------------------------------------------------------
[Test worker] INFO  - ?[92m
  _____   ___   ___   _____     ___     _     ___   ___   ___   ___  
 |_   _| | __| / __| |_   _|   | _ \   /_\   / __| / __| | __| |   \ 
   | |   | _|  \__ \   | |     |  _/  / _ \  \__ \ \__ \ | _|  | |) |
   |_|   |___| |___/   |_|     |_|   /_/ \_\ |___/ |___/ |___| |___/ 

Ingresar la información necesaria para completar la compra
----------------------------------------------------------------------?[0m
]]></system-err>
</testsuite>
